<?xml version="1.0" encoding="UTF-8"?>
<testng-results ignored="0" total="1" passed="1" failed="0" skipped="0">
  <reporter-output>
  </reporter-output>
  <suite started-at="2020-05-07T17:25:33Z" name="Default suite" finished-at="2020-05-07T17:25:45Z" duration-ms="11670">
    <groups>
    </groups>
    <test started-at="2020-05-07T17:25:33Z" name="Default test" finished-at="2020-05-07T17:25:45Z" duration-ms="11670">
      <class name="com.sachin.test.TestCaseUsingPOM">
        <test-method is-config="true" signature="setup()[pri:0, instance:com.sachin.test.TestCaseUsingPOM@49c7b90e]" started-at="2020-05-07T17:25:33Z" name="setup" finished-at="2020-05-07T17:25:41Z" duration-ms="8310" status="PASS">
          <reporter-output>
          </reporter-output>
        </test-method> <!-- setup -->
        <test-method signature="testLoginAndThenHomePage()[pri:0, instance:com.sachin.test.TestCaseUsingPOM@49c7b90e]" started-at="2020-05-07T17:25:41Z" name="testLoginAndThenHomePage" finished-at="2020-05-07T17:25:43Z" duration-ms="2078" status="PASS">
          <reporter-output>
          </reporter-output>
        </test-method> <!-- testLoginAndThenHomePage -->
        <test-method is-config="true" signature="tearDown()[pri:0, instance:com.sachin.test.TestCaseUsingPOM@49c7b90e]" started-at="2020-05-07T17:25:43Z" name="tearDown" finished-at="2020-05-07T17:25:45Z" duration-ms="1255" status="PASS">
          <reporter-output>
          </reporter-output>
        </test-method> <!-- tearDown -->
      </class> <!-- com.sachin.test.TestCaseUsingPOM -->
    </test> <!-- Default test -->
  </suite> <!-- Default suite -->
</testng-results>
