<?xml version="1.0" encoding="UTF-8"?>
<testng-results total="1" passed="1" failed="0" skipped="0">
  <reporter-output>
  </reporter-output>
  <suite started-at="2020-05-07T17:23:18Z" name="com.sachin.test.TestCaseUsingPOM" finished-at="2020-05-07T17:23:30Z" duration-ms="12359">
    <groups>
    </groups>
    <test started-at="2020-05-07T17:23:18Z" name="Command line test" finished-at="2020-05-07T17:23:30Z" duration-ms="12359">
      <class name="com.sachin.test.TestCaseUsingPOM">
        <test-method is-config="true" signature="setup()[pri:0, instance:com.sachin.test.TestCaseUsingPOM@5158b42f]" started-at="2020-05-07T22:53:18Z" name="setup" finished-at="2020-05-07T22:53:27Z" duration-ms="9027" status="PASS">
          <reporter-output>
          </reporter-output>
        </test-method> <!-- setup -->
        <test-method signature="testLoginAndThenHomePage()[pri:0, instance:com.sachin.test.TestCaseUsingPOM@5158b42f]" started-at="2020-05-07T22:53:27Z" name="testLoginAndThenHomePage" finished-at="2020-05-07T22:53:29Z" duration-ms="1923" status="PASS">
          <reporter-output>
          </reporter-output>
        </test-method> <!-- testLoginAndThenHomePage -->
        <test-method is-config="true" signature="tearDown()[pri:0, instance:com.sachin.test.TestCaseUsingPOM@5158b42f]" started-at="2020-05-07T22:53:29Z" name="tearDown" finished-at="2020-05-07T22:53:30Z" duration-ms="1366" status="PASS">
          <reporter-output>
          </reporter-output>
        </test-method> <!-- tearDown -->
      </class> <!-- com.sachin.test.TestCaseUsingPOM -->
    </test> <!-- Command line test -->
  </suite> <!-- com.sachin.test.TestCaseUsingPOM -->
</testng-results>
